#! /usr/bin/vvp
:ivl_version "10.3 (stable)";
:ivl_delay_selection "TYPICAL";
:vpi_time_precision + 0;
:vpi_module "system";
:vpi_module "vhdl_sys";
:vpi_module "v2005_math";
:vpi_module "va_math";
S_0x5561c6dc6130 .scope module, "processor" "processor" 2 5;
 .timescale 0 0;
v0x5561c6e138d0_0 .net "PC", 7 0, v0x5561c6df0c70_0;  1 drivers
v0x5561c6e13a40_0 .net *"_s0", 31 0, L_0x5561c6e14cb0;  1 drivers
L_0x7fdea2bd3018 .functor BUFT 1, C4<00000000000000000000000000>, C4<0>, C4<0>, C4<0>;
v0x5561c6e13b20_0 .net *"_s3", 25 0, L_0x7fdea2bd3018;  1 drivers
L_0x7fdea2bd3060 .functor BUFT 1, C4<00000000000000000000000000000000>, C4<0>, C4<0>, C4<0>;
v0x5561c6e13c10_0 .net/2u *"_s4", 31 0, L_0x7fdea2bd3060;  1 drivers
v0x5561c6e13cf0_0 .net *"_s6", 0 0, L_0x5561c6e24dd0;  1 drivers
v0x5561c6e13db0_0 .var "clk", 0 0;
v0x5561c6e13e50_0 .net "done", 0 0, v0x5561c6e11e60_0;  1 drivers
v0x5561c6e13ef0_0 .net "func", 5 0, v0x5561c6e10b90_0;  1 drivers
v0x5561c6e13fe0_0 .net "imm", 15 0, v0x5561c6e10c30_0;  1 drivers
v0x5561c6e14130_0 .net "instruction", 31 0, v0x5561c6e11680_0;  1 drivers
v0x5561c6e14240_0 .net "instruction_invalid", 0 0, v0x5561c6dbdd20_0;  1 drivers
v0x5561c6e142e0_0 .net "jt", 25 0, v0x5561c6e10d70_0;  1 drivers
v0x5561c6e143f0_0 .net "opcode", 5 0, v0x5561c6e10e80_0;  1 drivers
v0x5561c6e14540_0 .net "rd", 4 0, v0x5561c6e10f20_0;  1 drivers
v0x5561c6e14600_0 .net "res", 7 0, v0x5561c6e10370_0;  1 drivers
v0x5561c6e146a0_0 .net "result", 7 0, v0x5561c6e136d0_0;  1 drivers
v0x5561c6e147b0_0 .net "rs", 4 0, v0x5561c6e10fe0_0;  1 drivers
v0x5561c6e148c0_0 .net/s "rsv", 7 0, v0x5561c6e126a0_0;  1 drivers
v0x5561c6e149d0_0 .net "rt", 4 0, v0x5561c6e110c0_0;  1 drivers
v0x5561c6e14ae0_0 .net "rtv", 7 0, v0x5561c6e127e0_0;  1 drivers
v0x5561c6e14bf0_0 .net "state", 2 0, v0x5561c6e12f20_0;  1 drivers
E_0x5561c6dc2a50 .event posedge, v0x5561c6e11e60_0;
L_0x5561c6e14cb0 .concat [ 6 26 0 0], v0x5561c6e10e80_0, L_0x7fdea2bd3018;
L_0x5561c6e24dd0 .cmp/eq 32, L_0x5561c6e14cb0, L_0x7fdea2bd3060;
L_0x5561c6e24f10 .functor MUXZ 5, v0x5561c6e110c0_0, v0x5561c6e10f20_0, L_0x5561c6e24dd0, C4<>;
S_0x5561c6dc62b0 .scope module, "EX" "execute" 2 33, 3 5 0, S_0x5561c6dc6130;
 .timescale 0 0;
    .port_info 0 /INPUT 1 "clk"
    .port_info 1 /INPUT 3 "state"
    .port_info 2 /INPUT 6 "opcode"
    .port_info 3 /INPUT 8 "rsv"
    .port_info 4 /INPUT 8 "rtv"
    .port_info 5 /INPUT 16 "imm"
    .port_info 6 /INPUT 26 "jt"
    .port_info 7 /INPUT 6 "func"
    .port_info 8 /OUTPUT 8 "result"
    .port_info 9 /OUTPUT 1 "instruction_invalid"
    .port_info 10 /OUTPUT 8 "PC"
v0x5561c6df0c70_0 .var "PC", 7 0;
v0x5561c6db8cb0_0 .net "clk", 0 0, v0x5561c6e13db0_0;  1 drivers
v0x5561c6dc0800_0 .net "func", 5 0, v0x5561c6e10b90_0;  alias, 1 drivers
v0x5561c6dbbe40_0 .net "imm", 15 0, v0x5561c6e10c30_0;  alias, 1 drivers
v0x5561c6dbdd20_0 .var "instruction_invalid", 0 0;
v0x5561c6e101b0_0 .net "jt", 25 0, v0x5561c6e10d70_0;  alias, 1 drivers
v0x5561c6e10290_0 .net "opcode", 5 0, v0x5561c6e10e80_0;  alias, 1 drivers
v0x5561c6e10370_0 .var "result", 7 0;
v0x5561c6e10450_0 .net "rsv", 7 0, v0x5561c6e126a0_0;  alias, 1 drivers
v0x5561c6e10530_0 .net "rtv", 7 0, v0x5561c6e127e0_0;  alias, 1 drivers
v0x5561c6e10610_0 .net "state", 2 0, v0x5561c6e12f20_0;  alias, 1 drivers
E_0x5561c6dc2f30 .event posedge, v0x5561c6db8cb0_0;
S_0x5561c6e10850 .scope module, "ID" "decode" 2 29, 4 5 0, S_0x5561c6dc6130;
 .timescale 0 0;
    .port_info 0 /INPUT 1 "clk"
    .port_info 1 /INPUT 3 "state"
    .port_info 2 /INPUT 32 "instruction"
    .port_info 3 /OUTPUT 6 "opcode"
    .port_info 4 /OUTPUT 5 "rs"
    .port_info 5 /OUTPUT 5 "rt"
    .port_info 6 /OUTPUT 5 "rd"
    .port_info 7 /OUTPUT 16 "imm"
    .port_info 8 /OUTPUT 26 "jt"
    .port_info 9 /OUTPUT 6 "func"
v0x5561c6e10af0_0 .net "clk", 0 0, v0x5561c6e13db0_0;  alias, 1 drivers
v0x5561c6e10b90_0 .var "func", 5 0;
v0x5561c6e10c30_0 .var "imm", 15 0;
v0x5561c6e10cd0_0 .net "instruction", 31 0, v0x5561c6e11680_0;  alias, 1 drivers
v0x5561c6e10d70_0 .var "jt", 25 0;
v0x5561c6e10e80_0 .var "opcode", 5 0;
v0x5561c6e10f20_0 .var "rd", 4 0;
v0x5561c6e10fe0_0 .var "rs", 4 0;
v0x5561c6e110c0_0 .var "rt", 4 0;
v0x5561c6e111a0_0 .net "state", 2 0, v0x5561c6e12f20_0;  alias, 1 drivers
S_0x5561c6e113b0 .scope module, "IF" "fetch" 2 27, 5 6 0, S_0x5561c6dc6130;
 .timescale 0 0;
    .port_info 0 /INPUT 1 "clk"
    .port_info 1 /INPUT 3 "state"
    .port_info 2 /INPUT 8 "program_counter"
    .port_info 3 /OUTPUT 32 "instruction"
v0x5561c6e11590_0 .net "clk", 0 0, v0x5561c6e13db0_0;  alias, 1 drivers
v0x5561c6e11680_0 .var "instruction", 31 0;
v0x5561c6e11740 .array "instruction_mem", 13 0, 31 0;
v0x5561c6e11810_0 .net "program_counter", 7 0, v0x5561c6df0c70_0;  alias, 1 drivers
v0x5561c6e118e0_0 .net "state", 2 0, v0x5561c6e12f20_0;  alias, 1 drivers
S_0x5561c6e11aa0 .scope module, "RF" "register_file" 2 31, 6 5 0, S_0x5561c6dc6130;
 .timescale 0 0;
    .port_info 0 /INPUT 8 "pc"
    .port_info 1 /INPUT 1 "clk"
    .port_info 2 /INPUT 6 "opcode"
    .port_info 3 /INPUT 3 "state"
    .port_info 4 /INPUT 5 "rs"
    .port_info 5 /INPUT 5 "rt"
    .port_info 6 /INPUT 5 "rd"
    .port_info 7 /INPUT 8 "result"
    .port_info 8 /INPUT 1 "instruction_invalid"
    .port_info 9 /OUTPUT 8 "rsv"
    .port_info 10 /OUTPUT 8 "rtv"
    .port_info 11 /OUTPUT 1 "done"
v0x5561c6e11da0_0 .net "clk", 0 0, v0x5561c6e13db0_0;  alias, 1 drivers
v0x5561c6e11e60_0 .var "done", 0 0;
v0x5561c6e11f20_0 .var/i "i", 31 0;
v0x5561c6e11fe0_0 .net "instruction_invalid", 0 0, v0x5561c6dbdd20_0;  alias, 1 drivers
v0x5561c6e12080_0 .net "opcode", 5 0, v0x5561c6e10e80_0;  alias, 1 drivers
v0x5561c6e121c0_0 .net "pc", 7 0, v0x5561c6df0c70_0;  alias, 1 drivers
v0x5561c6e122d0_0 .net "rd", 4 0, L_0x5561c6e24f10;  1 drivers
v0x5561c6e123b0 .array/s "regfile", 31 0, 7 0;
v0x5561c6e12470_0 .net "result", 7 0, v0x5561c6e136d0_0;  alias, 1 drivers
v0x5561c6e125e0_0 .net "rs", 4 0, v0x5561c6e10fe0_0;  alias, 1 drivers
v0x5561c6e126a0_0 .var "rsv", 7 0;
v0x5561c6e12740_0 .net "rt", 4 0, v0x5561c6e110c0_0;  alias, 1 drivers
v0x5561c6e127e0_0 .var "rtv", 7 0;
v0x5561c6e128b0_0 .net "state", 2 0, v0x5561c6e12f20_0;  alias, 1 drivers
S_0x5561c6e12ad0 .scope module, "SC" "state_control" 2 25, 7 5 0, S_0x5561c6dc6130;
 .timescale 0 0;
    .port_info 0 /INPUT 1 "clk"
    .port_info 1 /INPUT 8 "program_counter"
    .port_info 2 /OUTPUT 3 "state"
v0x5561c6e12d10_0 .net "clk", 0 0, v0x5561c6e13db0_0;  alias, 1 drivers
v0x5561c6e12e60_0 .net "program_counter", 7 0, v0x5561c6df0c70_0;  alias, 1 drivers
v0x5561c6e12f20_0 .var "state", 2 0;
S_0x5561c6e130d0 .scope module, "obj" "data" 2 35, 8 5 0, S_0x5561c6dc6130;
 .timescale 0 0;
    .port_info 0 /INPUT 1 "clk"
    .port_info 1 /INPUT 3 "state"
    .port_info 2 /INPUT 8 "ra"
    .port_info 3 /INPUT 1 "instruction_invalid"
    .port_info 4 /INPUT 6 "opcode"
    .port_info 5 /OUTPUT 8 "rv"
v0x5561c6e132f0_0 .net "clk", 0 0, v0x5561c6e13db0_0;  alias, 1 drivers
v0x5561c6e13390 .array/s "datafile", 10 0, 7 0;
v0x5561c6e13450_0 .net "instruction_invalid", 0 0, v0x5561c6dbdd20_0;  alias, 1 drivers
v0x5561c6e13520_0 .net "opcode", 5 0, v0x5561c6e10e80_0;  alias, 1 drivers
v0x5561c6e135c0_0 .net "ra", 7 0, v0x5561c6e10370_0;  alias, 1 drivers
v0x5561c6e136d0_0 .var "rv", 7 0;
v0x5561c6e13770_0 .net "state", 2 0, v0x5561c6e12f20_0;  alias, 1 drivers
    .scope S_0x5561c6e12ad0;
T_0 ;
    %pushi/vec4 0, 0, 3;
    %store/vec4 v0x5561c6e12f20_0, 0, 3;
    %end;
    .thread T_0;
    .scope S_0x5561c6e12ad0;
T_1 ;
    %wait E_0x5561c6dc2f30;
    %load/vec4 v0x5561c6e12f20_0;
    %pad/u 32;
    %cmpi/e 5, 0, 32;
    %jmp/0xz  T_1.0, 4;
    %load/vec4 v0x5561c6e12e60_0;
    %pad/u 32;
    %cmpi/u 14, 0, 32;
    %jmp/0xz  T_1.2, 5;
    %pushi/vec4 0, 0, 3;
    %assign/vec4 v0x5561c6e12f20_0, 2;
    %jmp T_1.3;
T_1.2 ;
    %pushi/vec4 6, 0, 3;
    %assign/vec4 v0x5561c6e12f20_0, 2;
T_1.3 ;
    %jmp T_1.1;
T_1.0 ;
    %load/vec4 v0x5561c6e12f20_0;
    %pad/u 32;
    %cmpi/ne 6, 0, 32;
    %jmp/0xz  T_1.4, 4;
    %load/vec4 v0x5561c6e12f20_0;
    %addi 1, 0, 3;
    %assign/vec4 v0x5561c6e12f20_0, 2;
T_1.4 ;
T_1.1 ;
    %jmp T_1;
    .thread T_1;
    .scope S_0x5561c6e113b0;
T_2 ;
    %pushi/vec4 0, 0, 32;
    %store/vec4 v0x5561c6e11680_0, 0, 32;
    %pushi/vec4 604110848, 0, 32;
    %ix/load 4, 0, 0;
    %flag_set/imm 4, 0;
    %store/vec4a v0x5561c6e11740, 4, 0;
    %pushi/vec4 604176384, 0, 32;
    %ix/load 4, 1, 0;
    %flag_set/imm 4, 0;
    %store/vec4a v0x5561c6e11740, 4, 0;
    %pushi/vec4 6365226, 0, 32;
    %ix/load 4, 2, 0;
    %flag_set/imm 4, 0;
    %store/vec4a v0x5561c6e11740, 4, 0;
    %pushi/vec4 276824072, 0, 32;
    %ix/load 4, 3, 0;
    %flag_set/imm 4, 0;
    %store/vec4a v0x5561c6e11740, 4, 0;
    %pushi/vec4 604307466, 0, 32;
    %ix/load 4, 4, 0;
    %flag_set/imm 4, 0;
    %store/vec4a v0x5561c6e11740, 4, 0;
    %pushi/vec4 275054598, 0, 32;
    %ix/load 4, 5, 0;
    %flag_set/imm 4, 0;
    %store/vec4a v0x5561c6e11740, 4, 0;
    %pushi/vec4 2355494912, 0, 32;
    %ix/load 4, 6, 0;
    %flag_set/imm 4, 0;
    %store/vec4a v0x5561c6e11740, 4, 0;
    %pushi/vec4 4591649, 0, 32;
    %ix/load 4, 7, 0;
    %flag_set/imm 4, 0;
    %store/vec4a v0x5561c6e11740, 4, 0;
    %pushi/vec4 610467841, 0, 32;
    %ix/load 4, 8, 0;
    %flag_set/imm 4, 0;
    %store/vec4a v0x5561c6e11740, 4, 0;
    %pushi/vec4 6365226, 0, 32;
    %ix/load 4, 9, 0;
    %flag_set/imm 4, 0;
    %store/vec4a v0x5561c6e11740, 4, 0;
    %pushi/vec4 343998459, 0, 32;
    %ix/load 4, 10, 0;
    %flag_set/imm 4, 0;
    %store/vec4a v0x5561c6e11740, 4, 0;
    %pushi/vec4 65011720, 0, 32;
    %ix/load 4, 11, 0;
    %flag_set/imm 4, 0;
    %store/vec4a v0x5561c6e11740, 4, 0;
    %pushi/vec4 2348875786, 0, 32;
    %ix/load 4, 12, 0;
    %flag_set/imm 4, 0;
    %store/vec4a v0x5561c6e11740, 4, 0;
    %pushi/vec4 201326592, 0, 32;
    %ix/load 4, 13, 0;
    %flag_set/imm 4, 0;
    %store/vec4a v0x5561c6e11740, 4, 0;
    %end;
    .thread T_2;
    .scope S_0x5561c6e113b0;
T_3 ;
    %wait E_0x5561c6dc2f30;
    %load/vec4 v0x5561c6e118e0_0;
    %pad/u 32;
    %cmpi/e 0, 0, 32;
    %jmp/0xz  T_3.0, 4;
    %ix/getv 4, v0x5561c6e11810_0;
    %load/vec4a v0x5561c6e11740, 4;
    %assign/vec4 v0x5561c6e11680_0, 2;
T_3.0 ;
    %jmp T_3;
    .thread T_3;
    .scope S_0x5561c6e10850;
T_4 ;
    %wait E_0x5561c6dc2f30;
    %load/vec4 v0x5561c6e111a0_0;
    %pad/u 32;
    %cmpi/e 1, 0, 32;
    %jmp/0xz  T_4.0, 4;
    %load/vec4 v0x5561c6e10cd0_0;
    %parti/s 6, 26, 6;
    %assign/vec4 v0x5561c6e10e80_0, 2;
    %load/vec4 v0x5561c6e10cd0_0;
    %parti/s 5, 21, 6;
    %assign/vec4 v0x5561c6e10fe0_0, 2;
    %load/vec4 v0x5561c6e10cd0_0;
    %parti/s 6, 26, 6;
    %cmpi/e 3, 0, 6;
    %jmp/0xz  T_4.2, 4;
    %pushi/vec4 31, 0, 5;
    %assign/vec4 v0x5561c6e110c0_0, 2;
    %jmp T_4.3;
T_4.2 ;
    %load/vec4 v0x5561c6e10cd0_0;
    %parti/s 5, 16, 6;
    %assign/vec4 v0x5561c6e110c0_0, 2;
T_4.3 ;
    %load/vec4 v0x5561c6e10cd0_0;
    %parti/s 5, 11, 5;
    %assign/vec4 v0x5561c6e10f20_0, 2;
    %load/vec4 v0x5561c6e10cd0_0;
    %parti/s 16, 0, 2;
    %assign/vec4 v0x5561c6e10c30_0, 2;
    %load/vec4 v0x5561c6e10cd0_0;
    %parti/s 6, 0, 2;
    %assign/vec4 v0x5561c6e10b90_0, 2;
    %load/vec4 v0x5561c6e10cd0_0;
    %parti/s 26, 0, 2;
    %assign/vec4 v0x5561c6e10d70_0, 2;
T_4.0 ;
    %jmp T_4;
    .thread T_4;
    .scope S_0x5561c6e11aa0;
T_5 ;
    %pushi/vec4 0, 0, 1;
    %store/vec4 v0x5561c6e11e60_0, 0, 1;
    %pushi/vec4 0, 0, 32;
    %store/vec4 v0x5561c6e11f20_0, 0, 32;
T_5.0 ;
    %load/vec4 v0x5561c6e11f20_0;
    %cmpi/s 32, 0, 32;
    %jmp/0xz T_5.1, 5;
    %pushi/vec4 0, 0, 8;
    %ix/getv/s 4, v0x5561c6e11f20_0;
    %store/vec4a v0x5561c6e123b0, 4, 0;
    %load/vec4 v0x5561c6e11f20_0;
    %addi 1, 0, 32;
    %store/vec4 v0x5561c6e11f20_0, 0, 32;
    %jmp T_5.0;
T_5.1 ;
    %end;
    .thread T_5;
    .scope S_0x5561c6e11aa0;
T_6 ;
    %wait E_0x5561c6dc2f30;
    %load/vec4 v0x5561c6e128b0_0;
    %pad/u 32;
    %cmpi/e 2, 0, 32;
    %jmp/0xz  T_6.0, 4;
    %load/vec4 v0x5561c6e125e0_0;
    %pad/u 7;
    %ix/vec4 4;
    %load/vec4a v0x5561c6e123b0, 4;
    %assign/vec4 v0x5561c6e126a0_0, 2;
    %load/vec4 v0x5561c6e12740_0;
    %pad/u 7;
    %ix/vec4 4;
    %load/vec4a v0x5561c6e123b0, 4;
    %assign/vec4 v0x5561c6e127e0_0, 2;
    %jmp T_6.1;
T_6.0 ;
    %load/vec4 v0x5561c6e128b0_0;
    %pad/u 32;
    %pushi/vec4 5, 0, 32;
    %cmp/e;
    %flag_get/vec4 4;
    %load/vec4 v0x5561c6e122d0_0;
    %pad/u 6;
    %pushi/vec4 0, 0, 6;
    %cmp/e;
    %flag_get/vec4 4;
    %inv;
    %and;
    %load/vec4 v0x5561c6e11fe0_0;
    %pad/u 32;
    %pushi/vec4 0, 0, 32;
    %cmp/e;
    %flag_get/vec4 4;
    %and;
    %flag_set/vec4 8;
    %jmp/0xz  T_6.2, 8;
    %load/vec4 v0x5561c6e12080_0;
    %pushi/vec4 4, 0, 6;
    %cmp/e;
    %flag_get/vec4 4;
    %inv;
    %load/vec4 v0x5561c6e12080_0;
    %pushi/vec4 5, 0, 6;
    %cmp/e;
    %flag_get/vec4 4;
    %inv;
    %and;
    %flag_set/vec4 8;
    %jmp/0xz  T_6.4, 8;
    %load/vec4 v0x5561c6e12470_0;
    %load/vec4 v0x5561c6e122d0_0;
    %pad/u 7;
    %ix/vec4 3;
    %ix/load 4, 2, 0; Constant delay
    %assign/vec4/a/d v0x5561c6e123b0, 0, 4;
T_6.4 ;
    %jmp T_6.3;
T_6.2 ;
    %load/vec4 v0x5561c6e128b0_0;
    %pad/u 32;
    %cmpi/e 6, 0, 32;
    %jmp/0xz  T_6.6, 4;
    %ix/load 4, 2, 0;
    %flag_set/imm 4, 0;
    %load/vec4a v0x5561c6e123b0, 4;
    %assign/vec4 v0x5561c6e126a0_0, 2;
    %pushi/vec4 1, 0, 1;
    %assign/vec4 v0x5561c6e11e60_0, 2;
T_6.6 ;
T_6.3 ;
T_6.1 ;
    %jmp T_6;
    .thread T_6;
    .scope S_0x5561c6dc62b0;
T_7 ;
    %pushi/vec4 1, 0, 1;
    %store/vec4 v0x5561c6dbdd20_0, 0, 1;
    %pushi/vec4 12, 0, 8;
    %store/vec4 v0x5561c6df0c70_0, 0, 8;
    %end;
    .thread T_7;
    .scope S_0x5561c6dc62b0;
T_8 ;
    %wait E_0x5561c6dc2f30;
    %load/vec4 v0x5561c6e10610_0;
    %pad/u 32;
    %cmpi/e 3, 0, 32;
    %jmp/0xz  T_8.0, 4;
    %pushi/vec4 0, 0, 1;
    %store/vec4 v0x5561c6dbdd20_0, 0, 1;
    %load/vec4 v0x5561c6e10290_0;
    %dup/vec4;
    %pushi/vec4 9, 0, 6;
    %cmp/u;
    %jmp/1 T_8.2, 6;
    %dup/vec4;
    %pushi/vec4 35, 0, 6;
    %cmp/u;
    %jmp/1 T_8.3, 6;
    %dup/vec4;
    %pushi/vec4 4, 0, 6;
    %cmp/u;
    %jmp/1 T_8.4, 6;
    %dup/vec4;
    %pushi/vec4 5, 0, 6;
    %cmp/u;
    %jmp/1 T_8.5, 6;
    %dup/vec4;
    %pushi/vec4 3, 0, 6;
    %cmp/u;
    %jmp/1 T_8.6, 6;
    %dup/vec4;
    %pushi/vec4 0, 0, 6;
    %cmp/u;
    %jmp/1 T_8.7, 6;
    %pushi/vec4 14, 0, 8;
    %assign/vec4 v0x5561c6df0c70_0, 2;
    %pushi/vec4 1, 0, 1;
    %store/vec4 v0x5561c6dbdd20_0, 0, 1;
    %jmp T_8.9;
T_8.2 ;
    %load/vec4 v0x5561c6e10450_0;
    %load/vec4 v0x5561c6dbbe40_0;
    %parti/s 8, 0, 2;
    %add;
    %assign/vec4 v0x5561c6e10370_0, 2;
    %load/vec4 v0x5561c6df0c70_0;
    %addi 1, 0, 8;
    %assign/vec4 v0x5561c6df0c70_0, 2;
    %jmp T_8.9;
T_8.3 ;
    %load/vec4 v0x5561c6e10450_0;
    %load/vec4 v0x5561c6dbbe40_0;
    %parti/s 8, 0, 2;
    %add;
    %assign/vec4 v0x5561c6e10370_0, 2;
    %load/vec4 v0x5561c6df0c70_0;
    %addi 1, 0, 8;
    %assign/vec4 v0x5561c6df0c70_0, 2;
    %jmp T_8.9;
T_8.4 ;
    %load/vec4 v0x5561c6df0c70_0;
    %load/vec4 v0x5561c6e10450_0;
    %load/vec4 v0x5561c6e10530_0;
    %cmp/e;
    %flag_mov 8, 4;
    %jmp/0 T_8.10, 8;
    %load/vec4 v0x5561c6dbbe40_0;
    %parti/s 8, 0, 2;
    %jmp/1 T_8.11, 8;
T_8.10 ; End of true expr.
    %pushi/vec4 1, 0, 8;
    %jmp/0 T_8.11, 8;
 ; End of false expr.
    %blend;
T_8.11;
    %add;
    %assign/vec4 v0x5561c6df0c70_0, 2;
    %jmp T_8.9;
T_8.5 ;
    %load/vec4 v0x5561c6df0c70_0;
    %load/vec4 v0x5561c6e10450_0;
    %load/vec4 v0x5561c6e10530_0;
    %cmp/ne;
    %flag_mov 8, 4;
    %jmp/0 T_8.12, 8;
    %load/vec4 v0x5561c6dbbe40_0;
    %parti/s 8, 0, 2;
    %jmp/1 T_8.13, 8;
T_8.12 ; End of true expr.
    %pushi/vec4 1, 0, 8;
    %jmp/0 T_8.13, 8;
 ; End of false expr.
    %blend;
T_8.13;
    %add;
    %assign/vec4 v0x5561c6df0c70_0, 2;
    %jmp T_8.9;
T_8.6 ;
    %load/vec4 v0x5561c6df0c70_0;
    %addi 1, 0, 8;
    %assign/vec4 v0x5561c6e10370_0, 2;
    %load/vec4 v0x5561c6e101b0_0;
    %parti/s 8, 0, 2;
    %assign/vec4 v0x5561c6df0c70_0, 2;
    %jmp T_8.9;
T_8.7 ;
    %load/vec4 v0x5561c6dc0800_0;
    %dup/vec4;
    %pushi/vec4 42, 0, 6;
    %cmp/u;
    %jmp/1 T_8.14, 6;
    %dup/vec4;
    %pushi/vec4 33, 0, 6;
    %cmp/u;
    %jmp/1 T_8.15, 6;
    %dup/vec4;
    %pushi/vec4 8, 0, 6;
    %cmp/u;
    %jmp/1 T_8.16, 6;
    %pushi/vec4 14, 0, 8;
    %assign/vec4 v0x5561c6df0c70_0, 2;
    %pushi/vec4 1, 0, 1;
    %store/vec4 v0x5561c6dbdd20_0, 0, 1;
    %jmp T_8.18;
T_8.14 ;
    %load/vec4 v0x5561c6e10450_0;
    %load/vec4 v0x5561c6e10530_0;
    %cmp/s;
    %flag_mov 8, 5;
    %jmp/0 T_8.19, 8;
    %pushi/vec4 1, 0, 8;
    %jmp/1 T_8.20, 8;
T_8.19 ; End of true expr.
    %pushi/vec4 0, 0, 8;
    %jmp/0 T_8.20, 8;
 ; End of false expr.
    %blend;
T_8.20;
    %assign/vec4 v0x5561c6e10370_0, 0;
    %load/vec4 v0x5561c6df0c70_0;
    %addi 1, 0, 8;
    %assign/vec4 v0x5561c6df0c70_0, 2;
    %jmp T_8.18;
T_8.15 ;
    %load/vec4 v0x5561c6e10450_0;
    %load/vec4 v0x5561c6e10530_0;
    %add;
    %assign/vec4 v0x5561c6e10370_0, 2;
    %load/vec4 v0x5561c6df0c70_0;
    %addi 1, 0, 8;
    %assign/vec4 v0x5561c6df0c70_0, 2;
    %jmp T_8.18;
T_8.16 ;
    %load/vec4 v0x5561c6e10450_0;
    %assign/vec4 v0x5561c6df0c70_0, 2;
    %jmp T_8.18;
T_8.18 ;
    %pop/vec4 1;
    %jmp T_8.9;
T_8.9 ;
    %pop/vec4 1;
T_8.0 ;
    %jmp T_8;
    .thread T_8;
    .scope S_0x5561c6e130d0;
T_9 ;
    %pushi/vec4 0, 0, 8;
    %ix/load 4, 0, 0;
    %flag_set/imm 4, 0;
    %store/vec4a v0x5561c6e13390, 4, 0;
    %pushi/vec4 1, 0, 8;
    %ix/load 4, 1, 0;
    %flag_set/imm 4, 0;
    %store/vec4a v0x5561c6e13390, 4, 0;
    %pushi/vec4 2, 0, 8;
    %ix/load 4, 2, 0;
    %flag_set/imm 4, 0;
    %store/vec4a v0x5561c6e13390, 4, 0;
    %pushi/vec4 3, 0, 8;
    %ix/load 4, 3, 0;
    %flag_set/imm 4, 0;
    %store/vec4a v0x5561c6e13390, 4, 0;
    %pushi/vec4 4, 0, 8;
    %ix/load 4, 4, 0;
    %flag_set/imm 4, 0;
    %store/vec4a v0x5561c6e13390, 4, 0;
    %pushi/vec4 5, 0, 8;
    %ix/load 4, 5, 0;
    %flag_set/imm 4, 0;
    %store/vec4a v0x5561c6e13390, 4, 0;
    %pushi/vec4 6, 0, 8;
    %ix/load 4, 6, 0;
    %flag_set/imm 4, 0;
    %store/vec4a v0x5561c6e13390, 4, 0;
    %pushi/vec4 7, 0, 8;
    %ix/load 4, 7, 0;
    %flag_set/imm 4, 0;
    %store/vec4a v0x5561c6e13390, 4, 0;
    %pushi/vec4 8, 0, 8;
    %ix/load 4, 8, 0;
    %flag_set/imm 4, 0;
    %store/vec4a v0x5561c6e13390, 4, 0;
    %pushi/vec4 9, 0, 8;
    %ix/load 4, 9, 0;
    %flag_set/imm 4, 0;
    %store/vec4a v0x5561c6e13390, 4, 0;
    %pushi/vec4 12, 0, 8;
    %ix/load 4, 10, 0;
    %flag_set/imm 4, 0;
    %store/vec4a v0x5561c6e13390, 4, 0;
    %end;
    .thread T_9;
    .scope S_0x5561c6e130d0;
T_10 ;
    %wait E_0x5561c6dc2f30;
    %load/vec4 v0x5561c6e13770_0;
    %pad/u 32;
    %pushi/vec4 4, 0, 32;
    %cmp/e;
    %flag_get/vec4 4;
    %load/vec4 v0x5561c6e13520_0;
    %pushi/vec4 35, 0, 6;
    %cmp/e;
    %flag_get/vec4 4;
    %and;
    %load/vec4 v0x5561c6e13450_0;
    %pad/u 32;
    %pushi/vec4 0, 0, 32;
    %cmp/e;
    %flag_get/vec4 4;
    %and;
    %flag_set/vec4 8;
    %jmp/0xz  T_10.0, 8;
    %ix/getv 4, v0x5561c6e135c0_0;
    %load/vec4a v0x5561c6e13390, 4;
    %assign/vec4 v0x5561c6e136d0_0, 2;
    %jmp T_10.1;
T_10.0 ;
    %load/vec4 v0x5561c6e135c0_0;
    %assign/vec4 v0x5561c6e136d0_0, 0;
T_10.1 ;
    %jmp T_10;
    .thread T_10;
    .scope S_0x5561c6dc6130;
T_11 ;
    %pushi/vec4 0, 0, 1;
    %store/vec4 v0x5561c6e13db0_0, 0, 1;
T_11.0 ;
    %delay 5, 0;
    %load/vec4 v0x5561c6e13db0_0;
    %inv;
    %store/vec4 v0x5561c6e13db0_0, 0, 1;
    %jmp T_11.0;
    %end;
    .thread T_11;
    .scope S_0x5561c6dc6130;
T_12 ;
    %wait E_0x5561c6dc2a50;
    %vpi_call 2 46 "$display", "Time: %3d, output = %d", $time, v0x5561c6e148c0_0 {0 0 0};
    %vpi_call 2 47 "$finish" {0 0 0};
    %jmp T_12;
    .thread T_12;
# The file index is used to find the file name in the following table.
:file_names 9;
    "N/A";
    "<interactive>";
    "A8Q1_top.v";
    "A8Q1_execute.v";
    "A8Q1_decode.v";
    "A8Q1_fetch.v";
    "A8Q1_register_file.v";
    "A8Q1_state_control.v";
    "A8Q1_data.v";
