#! /usr/bin/vvp
:ivl_version "10.3 (stable)";
:ivl_delay_selection "TYPICAL";
:vpi_time_precision + 0;
:vpi_module "system";
:vpi_module "vhdl_sys";
:vpi_module "v2005_math";
:vpi_module "va_math";
S_0x564f99004d70 .scope module, "top" "top" 2 71;
 .timescale 0 0;
L_0x7f1687541060 .functor BUFT 1, C4<0>, C4<0>, C4<0>, C4<0>;
v0x564f99031920_0 .net *"_s11", 0 0, L_0x7f1687541060;  1 drivers
v0x564f99031a20_0 .net *"_s14", 4 0, L_0x564f99032ec0;  1 drivers
L_0x7f16875410a8 .functor BUFT 1, C4<0>, C4<0>, C4<0>, C4<0>;
v0x564f99031b00_0 .net *"_s17", 0 0, L_0x7f16875410a8;  1 drivers
v0x564f99031bc0_0 .net *"_s2", 4 0, L_0x564f99032a70;  1 drivers
v0x564f99031ca0_0 .net *"_s20", 4 0, L_0x564f99033110;  1 drivers
L_0x7f16875410f0 .functor BUFT 1, C4<0>, C4<0>, C4<0>, C4<0>;
v0x564f99031d80_0 .net *"_s23", 0 0, L_0x7f16875410f0;  1 drivers
L_0x7f1687541018 .functor BUFT 1, C4<0>, C4<0>, C4<0>, C4<0>;
v0x564f99031e60_0 .net *"_s5", 0 0, L_0x7f1687541018;  1 drivers
v0x564f99031f40_0 .net *"_s8", 4 0, L_0x564f99032c60;  1 drivers
v0x564f99032020_0 .net "add", 5 0, v0x564f98ff9170_0;  1 drivers
v0x564f99032170_0 .var "bit", 0 0;
v0x564f99032210_0 .var "clk", 0 0;
v0x564f990322b0 .array "dend", 9 0, 31 0;
v0x564f99032350_0 .net "done", 0 0, v0x564f99031080_0;  1 drivers
v0x564f99032420_0 .var "i", 3 0;
v0x564f990324c0 .array "ldend", 9 0, 5 0;
v0x564f99032560 .array "lsor", 9 0, 5 0;
v0x564f99032620_0 .net "q", 31 0, v0x564f990313e0_0;  1 drivers
v0x564f99032710_0 .net/s "rem", 31 0, v0x564f990314c0_0;  1 drivers
v0x564f990327e0 .array "sor", 9 0, 31 0;
v0x564f99032880_0 .net "sub", 5 0, v0x564f99031680_0;  1 drivers
E_0x564f98ffdc20 .event posedge, v0x564f99031080_0;
E_0x564f98ffdf40 .event negedge, v0x564f99030dd0_0;
L_0x564f99032970 .array/port v0x564f990322b0, L_0x564f99032a70;
L_0x564f99032a70 .concat [ 4 1 0 0], v0x564f99032420_0, L_0x7f1687541018;
L_0x564f99032b90 .array/port v0x564f990327e0, L_0x564f99032c60;
L_0x564f99032c60 .concat [ 4 1 0 0], v0x564f99032420_0, L_0x7f1687541060;
L_0x564f99032e20 .array/port v0x564f990324c0, L_0x564f99032ec0;
L_0x564f99032ec0 .concat [ 4 1 0 0], v0x564f99032420_0, L_0x7f16875410a8;
L_0x564f99033040 .array/port v0x564f99032560, L_0x564f99033110;
L_0x564f99033110 .concat [ 4 1 0 0], v0x564f99032420_0, L_0x7f16875410f0;
S_0x564f99004ef0 .scope module, "uut" "nrda" 2 198, 2 1 0, S_0x564f99004d70;
 .timescale 0 0;
    .port_info 0 /INPUT 1 "clk"
    .port_info 1 /INPUT 1 "bit"
    .port_info 2 /INPUT 32 "dend"
    .port_info 3 /INPUT 32 "sor"
    .port_info 4 /INPUT 6 "ldend"
    .port_info 5 /INPUT 6 "lsor"
    .port_info 6 /OUTPUT 32 "q"
    .port_info 7 /OUTPUT 32 "rem"
    .port_info 8 /OUTPUT 1 "done"
    .port_info 9 /OUTPUT 6 "add"
    .port_info 10 /OUTPUT 6 "sub"
v0x564f98ff9170_0 .var "add", 5 0;
v0x564f99030d10_0 .net "bit", 0 0, v0x564f99032170_0;  1 drivers
v0x564f99030dd0_0 .net "clk", 0 0, v0x564f99032210_0;  1 drivers
v0x564f99030e70_0 .net "dend", 31 0, L_0x564f99032970;  1 drivers
v0x564f99030f50_0 .var "divi", 31 0;
v0x564f99031080_0 .var "done", 0 0;
v0x564f99031140_0 .var "i", 5 0;
v0x564f99031220_0 .net "ldend", 5 0, L_0x564f99032e20;  1 drivers
v0x564f99031300_0 .net "lsor", 5 0, L_0x564f99033040;  1 drivers
v0x564f990313e0_0 .var "q", 31 0;
v0x564f990314c0_0 .var "rem", 31 0;
v0x564f990315a0_0 .net "sor", 31 0, L_0x564f99032b90;  1 drivers
v0x564f99031680_0 .var "sub", 5 0;
E_0x564f98ffcf20 .event posedge, v0x564f99030dd0_0;
    .scope S_0x564f99004ef0;
T_0 ;
    %pushi/vec4 0, 0, 6;
    %store/vec4 v0x564f99031140_0, 0, 6;
    %pushi/vec4 0, 0, 32;
    %store/vec4 v0x564f990313e0_0, 0, 32;
    %pushi/vec4 1, 0, 1;
    %store/vec4 v0x564f99031080_0, 0, 1;
    %end;
    .thread T_0;
    .scope S_0x564f99004ef0;
T_1 ;
    %wait E_0x564f98ffcf20;
    %load/vec4 v0x564f99030d10_0;
    %pad/u 32;
    %cmpi/e 1, 0, 32;
    %jmp/0xz  T_1.0, 4;
    %load/vec4 v0x564f99030e70_0;
    %store/vec4 v0x564f990314c0_0, 0, 32;
    %pushi/vec4 0, 0, 32;
    %store/vec4 v0x564f990313e0_0, 0, 32;
    %pushi/vec4 0, 0, 1;
    %store/vec4 v0x564f99031080_0, 0, 1;
    %pushi/vec4 0, 0, 6;
    %store/vec4 v0x564f98ff9170_0, 0, 6;
    %pushi/vec4 0, 0, 6;
    %store/vec4 v0x564f99031680_0, 0, 6;
    %pushi/vec4 0, 0, 6;
    %store/vec4 v0x564f99031140_0, 0, 6;
    %load/vec4 v0x564f990315a0_0;
    %load/vec4 v0x564f99030e70_0;
    %cmp/u;
    %flag_or 5, 4;
    %jmp/0xz  T_1.2, 5;
    %load/vec4 v0x564f990315a0_0;
    %load/vec4 v0x564f99031220_0;
    %load/vec4 v0x564f99031300_0;
    %sub;
    %ix/vec4 4;
    %shiftl 4;
    %store/vec4 v0x564f99030f50_0, 0, 32;
    %jmp T_1.3;
T_1.2 ;
    %pushi/vec4 1, 0, 1;
    %store/vec4 v0x564f99031080_0, 0, 1;
T_1.3 ;
T_1.0 ;
    %load/vec4 v0x564f99031080_0;
    %pad/u 32;
    %cmpi/e 0, 0, 32;
    %jmp/0xz  T_1.4, 4;
    %load/vec4 v0x564f990314c0_0;
    %parti/s 1, 31, 6;
    %pad/u 32;
    %cmpi/e 1, 0, 32;
    %jmp/0xz  T_1.6, 4;
    %load/vec4 v0x564f990314c0_0;
    %load/vec4 v0x564f99030f50_0;
    %add;
    %store/vec4 v0x564f990314c0_0, 0, 32;
    %load/vec4 v0x564f98ff9170_0;
    %addi 1, 0, 6;
    %store/vec4 v0x564f98ff9170_0, 0, 6;
    %load/vec4 v0x564f990313e0_0;
    %pushi/vec4 1, 0, 32;
    %xor;
    %store/vec4 v0x564f990313e0_0, 0, 32;
    %jmp T_1.7;
T_1.6 ;
    %load/vec4 v0x564f990314c0_0;
    %load/vec4 v0x564f99030f50_0;
    %sub;
    %store/vec4 v0x564f990314c0_0, 0, 32;
    %load/vec4 v0x564f99031680_0;
    %addi 1, 0, 6;
    %store/vec4 v0x564f99031680_0, 0, 6;
T_1.7 ;
    %load/vec4 v0x564f99030f50_0;
    %ix/load 4, 1, 0;
    %flag_set/imm 4, 0;
    %shiftr 4;
    %store/vec4 v0x564f99030f50_0, 0, 32;
    %load/vec4 v0x564f99031140_0;
    %addi 1, 0, 6;
    %store/vec4 v0x564f99031140_0, 0, 6;
    %load/vec4 v0x564f990313e0_0;
    %ix/load 4, 1, 0;
    %flag_set/imm 4, 0;
    %shiftl 4;
    %pushi/vec4 1, 0, 32;
    %or;
    %store/vec4 v0x564f990313e0_0, 0, 32;
    %load/vec4 v0x564f99031140_0;
    %pad/u 32;
    %load/vec4 v0x564f99031220_0;
    %pad/u 32;
    %load/vec4 v0x564f99031300_0;
    %pad/u 32;
    %sub;
    %addi 1, 0, 32;
    %cmp/e;
    %flag_mov 8, 4;
    %load/vec4 v0x564f99031220_0;
    %load/vec4 v0x564f99031300_0;
    %cmp/u;
    %flag_or 5, 8;
    %jmp/0xz  T_1.8, 5;
    %load/vec4 v0x564f990315a0_0;
    %store/vec4 v0x564f99030f50_0, 0, 32;
    %load/vec4 v0x564f990314c0_0;
    %parti/s 1, 31, 6;
    %pad/u 32;
    %cmpi/e 1, 0, 32;
    %jmp/0xz  T_1.10, 4;
    %load/vec4 v0x564f990314c0_0;
    %load/vec4 v0x564f99030f50_0;
    %add;
    %store/vec4 v0x564f990314c0_0, 0, 32;
    %load/vec4 v0x564f98ff9170_0;
    %addi 1, 0, 6;
    %store/vec4 v0x564f98ff9170_0, 0, 6;
    %load/vec4 v0x564f990313e0_0;
    %pushi/vec4 1, 0, 32;
    %xor;
    %store/vec4 v0x564f990313e0_0, 0, 32;
T_1.10 ;
    %pushi/vec4 1, 0, 1;
    %store/vec4 v0x564f99031080_0, 0, 1;
    %delay 1, 0;
    %pushi/vec4 0, 0, 6;
    %store/vec4 v0x564f99031140_0, 0, 6;
    %pushi/vec4 0, 0, 32;
    %store/vec4 v0x564f990313e0_0, 0, 32;
    %pushi/vec4 0, 0, 6;
    %store/vec4 v0x564f98ff9170_0, 0, 6;
    %pushi/vec4 0, 0, 6;
    %store/vec4 v0x564f99031680_0, 0, 6;
T_1.8 ;
T_1.4 ;
    %jmp T_1;
    .thread T_1;
    .scope S_0x564f99004d70;
T_2 ;
    %pushi/vec4 0, 0, 1;
    %store/vec4 v0x564f99032210_0, 0, 1;
    %pushi/vec4 0, 0, 4;
    %store/vec4 v0x564f99032420_0, 0, 4;
    %pushi/vec4 0, 0, 1;
    %store/vec4 v0x564f99032170_0, 0, 1;
T_2.0 ;
    %delay 5, 0;
    %load/vec4 v0x564f99032210_0;
    %inv;
    %store/vec4 v0x564f99032210_0, 0, 1;
    %jmp T_2.0;
    %end;
    .thread T_2;
    .scope S_0x564f99004d70;
T_3 ;
    %pushi/vec4 10, 0, 32;
    %ix/load 4, 0, 0;
    %flag_set/imm 4, 0;
    %store/vec4a v0x564f990322b0, 4, 0;
    %pushi/vec4 22, 0, 32;
    %ix/load 4, 1, 0;
    %flag_set/imm 4, 0;
    %store/vec4a v0x564f990322b0, 4, 0;
    %pushi/vec4 36, 0, 32;
    %ix/load 4, 2, 0;
    %flag_set/imm 4, 0;
    %store/vec4a v0x564f990322b0, 4, 0;
    %pushi/vec4 52, 0, 32;
    %ix/load 4, 3, 0;
    %flag_set/imm 4, 0;
    %store/vec4a v0x564f990322b0, 4, 0;
    %pushi/vec4 70, 0, 32;
    %ix/load 4, 4, 0;
    %flag_set/imm 4, 0;
    %store/vec4a v0x564f990322b0, 4, 0;
    %pushi/vec4 90, 0, 32;
    %ix/load 4, 5, 0;
    %flag_set/imm 4, 0;
    %store/vec4a v0x564f990322b0, 4, 0;
    %pushi/vec4 112, 0, 32;
    %ix/load 4, 6, 0;
    %flag_set/imm 4, 0;
    %store/vec4a v0x564f990322b0, 4, 0;
    %pushi/vec4 136, 0, 32;
    %ix/load 4, 7, 0;
    %flag_set/imm 4, 0;
    %store/vec4a v0x564f990322b0, 4, 0;
    %pushi/vec4 162, 0, 32;
    %ix/load 4, 8, 0;
    %flag_set/imm 4, 0;
    %store/vec4a v0x564f990322b0, 4, 0;
    %pushi/vec4 190, 0, 32;
    %ix/load 4, 9, 0;
    %flag_set/imm 4, 0;
    %store/vec4a v0x564f990322b0, 4, 0;
    %pushi/vec4 10, 0, 32;
    %ix/load 4, 0, 0;
    %flag_set/imm 4, 0;
    %store/vec4a v0x564f990327e0, 4, 0;
    %pushi/vec4 11, 0, 32;
    %ix/load 4, 1, 0;
    %flag_set/imm 4, 0;
    %store/vec4a v0x564f990327e0, 4, 0;
    %pushi/vec4 12, 0, 32;
    %ix/load 4, 2, 0;
    %flag_set/imm 4, 0;
    %store/vec4a v0x564f990327e0, 4, 0;
    %pushi/vec4 13, 0, 32;
    %ix/load 4, 3, 0;
    %flag_set/imm 4, 0;
    %store/vec4a v0x564f990327e0, 4, 0;
    %pushi/vec4 14, 0, 32;
    %ix/load 4, 4, 0;
    %flag_set/imm 4, 0;
    %store/vec4a v0x564f990327e0, 4, 0;
    %pushi/vec4 15, 0, 32;
    %ix/load 4, 5, 0;
    %flag_set/imm 4, 0;
    %store/vec4a v0x564f990327e0, 4, 0;
    %pushi/vec4 16, 0, 32;
    %ix/load 4, 6, 0;
    %flag_set/imm 4, 0;
    %store/vec4a v0x564f990327e0, 4, 0;
    %pushi/vec4 17, 0, 32;
    %ix/load 4, 7, 0;
    %flag_set/imm 4, 0;
    %store/vec4a v0x564f990327e0, 4, 0;
    %pushi/vec4 18, 0, 32;
    %ix/load 4, 8, 0;
    %flag_set/imm 4, 0;
    %store/vec4a v0x564f990327e0, 4, 0;
    %pushi/vec4 19, 0, 32;
    %ix/load 4, 9, 0;
    %flag_set/imm 4, 0;
    %store/vec4a v0x564f990327e0, 4, 0;
    %pushi/vec4 4, 0, 6;
    %ix/load 4, 0, 0;
    %flag_set/imm 4, 0;
    %store/vec4a v0x564f990324c0, 4, 0;
    %pushi/vec4 5, 0, 6;
    %ix/load 4, 1, 0;
    %flag_set/imm 4, 0;
    %store/vec4a v0x564f990324c0, 4, 0;
    %pushi/vec4 6, 0, 6;
    %ix/load 4, 2, 0;
    %flag_set/imm 4, 0;
    %store/vec4a v0x564f990324c0, 4, 0;
    %pushi/vec4 6, 0, 6;
    %ix/load 4, 3, 0;
    %flag_set/imm 4, 0;
    %store/vec4a v0x564f990324c0, 4, 0;
    %pushi/vec4 7, 0, 6;
    %ix/load 4, 4, 0;
    %flag_set/imm 4, 0;
    %store/vec4a v0x564f990324c0, 4, 0;
    %pushi/vec4 7, 0, 6;
    %ix/load 4, 5, 0;
    %flag_set/imm 4, 0;
    %store/vec4a v0x564f990324c0, 4, 0;
    %pushi/vec4 7, 0, 6;
    %ix/load 4, 6, 0;
    %flag_set/imm 4, 0;
    %store/vec4a v0x564f990324c0, 4, 0;
    %pushi/vec4 8, 0, 6;
    %ix/load 4, 7, 0;
    %flag_set/imm 4, 0;
    %store/vec4a v0x564f990324c0, 4, 0;
    %pushi/vec4 8, 0, 6;
    %ix/load 4, 8, 0;
    %flag_set/imm 4, 0;
    %store/vec4a v0x564f990324c0, 4, 0;
    %pushi/vec4 8, 0, 6;
    %ix/load 4, 9, 0;
    %flag_set/imm 4, 0;
    %store/vec4a v0x564f990324c0, 4, 0;
    %pushi/vec4 4, 0, 6;
    %ix/load 4, 0, 0;
    %flag_set/imm 4, 0;
    %store/vec4a v0x564f99032560, 4, 0;
    %pushi/vec4 4, 0, 6;
    %ix/load 4, 1, 0;
    %flag_set/imm 4, 0;
    %store/vec4a v0x564f99032560, 4, 0;
    %pushi/vec4 4, 0, 6;
    %ix/load 4, 2, 0;
    %flag_set/imm 4, 0;
    %store/vec4a v0x564f99032560, 4, 0;
    %pushi/vec4 4, 0, 6;
    %ix/load 4, 3, 0;
    %flag_set/imm 4, 0;
    %store/vec4a v0x564f99032560, 4, 0;
    %pushi/vec4 4, 0, 6;
    %ix/load 4, 4, 0;
    %flag_set/imm 4, 0;
    %store/vec4a v0x564f99032560, 4, 0;
    %pushi/vec4 4, 0, 6;
    %ix/load 4, 5, 0;
    %flag_set/imm 4, 0;
    %store/vec4a v0x564f99032560, 4, 0;
    %pushi/vec4 5, 0, 6;
    %ix/load 4, 6, 0;
    %flag_set/imm 4, 0;
    %store/vec4a v0x564f99032560, 4, 0;
    %pushi/vec4 5, 0, 6;
    %ix/load 4, 7, 0;
    %flag_set/imm 4, 0;
    %store/vec4a v0x564f99032560, 4, 0;
    %pushi/vec4 5, 0, 6;
    %ix/load 4, 8, 0;
    %flag_set/imm 4, 0;
    %store/vec4a v0x564f99032560, 4, 0;
    %pushi/vec4 5, 0, 6;
    %ix/load 4, 9, 0;
    %flag_set/imm 4, 0;
    %store/vec4a v0x564f99032560, 4, 0;
    %end;
    .thread T_3;
    .scope S_0x564f99004d70;
T_4 ;
    %wait E_0x564f98ffdf40;
    %load/vec4 v0x564f99032350_0;
    %pad/u 32;
    %cmpi/e 1, 0, 32;
    %jmp/0xz  T_4.0, 4;
    %load/vec4 v0x564f99032420_0;
    %pad/u 32;
    %cmpi/u 10, 0, 32;
    %jmp/0xz  T_4.2, 5;
    %pushi/vec4 1, 0, 1;
    %store/vec4 v0x564f99032170_0, 0, 1;
T_4.2 ;
    %jmp T_4.1;
T_4.0 ;
    %pushi/vec4 0, 0, 1;
    %store/vec4 v0x564f99032170_0, 0, 1;
T_4.1 ;
    %jmp T_4;
    .thread T_4;
    .scope S_0x564f99004d70;
T_5 ;
    %wait E_0x564f98ffdc20;
    %load/vec4 v0x564f99032420_0;
    %addi 1, 0, 4;
    %store/vec4 v0x564f99032420_0, 0, 4;
    %load/vec4 v0x564f99032420_0;
    %pad/u 32;
    %subi 1, 0, 32;
    %load/vec4 v0x564f99032420_0;
    %pad/u 33;
    %subi 1, 0, 33;
    %ix/vec4 4;
    %load/vec4a v0x564f990322b0, 4;
    %load/vec4 v0x564f99032420_0;
    %pad/u 33;
    %subi 1, 0, 33;
    %ix/vec4 4;
    %load/vec4a v0x564f990327e0, 4;
    %load/vec4 v0x564f99032420_0;
    %pad/u 33;
    %subi 1, 0, 33;
    %ix/vec4 4;
    %load/vec4a v0x564f990324c0, 4;
    %load/vec4 v0x564f99032420_0;
    %pad/u 33;
    %subi 1, 0, 33;
    %ix/vec4 4;
    %load/vec4a v0x564f99032560, 4;
    %vpi_call 2 207 "$display", "time:%d i:%d dend:%d sor:%d ldend: %d lsor: %d q:%d rem:%d add:%d sub:%d", $time, S<4,vec4,u32>, S<3,vec4,u32>, S<2,vec4,u32>, S<1,vec4,u6>, S<0,vec4,u6>, v0x564f99032620_0, v0x564f99032710_0, v0x564f99032020_0, v0x564f99032880_0 {5 0 0};
    %load/vec4 v0x564f99032420_0;
    %pad/u 32;
    %cmpi/e 10, 0, 32;
    %jmp/0xz  T_5.0, 4;
    %vpi_call 2 210 "$finish" {0 0 0};
T_5.0 ;
    %jmp T_5;
    .thread T_5;
# The file index is used to find the file name in the following table.
:file_names 3;
    "N/A";
    "<interactive>";
    "112.v";
